<?xml version="1.0" encoding="UTF-8"?>
<!-- Generated by org.testng.reporters.JUnitXMLReporter -->
<testsuite hostname="ADMIN-PC" ignored="4" name="Test" tests="4" failures="1" timestamp="23 Apr 2020 07:11:36 GMT" time="110.344" errors="0">
  <testcase name="createNewLead" time="32.1" classname="qa.impListeners.testcases.TC001_CreateLead"/>
  <testcase name="createNewLead2" time="44.916" classname="qa.impListeners.testcases.TC002_CreateLead_Incorrectusername">
    <skipped/>
  </testcase> <!-- createNewLead2 -->
  <testcase name="editLead" time="37.223" classname="qa.impListeners.testcases.TC003_EditLead"/>
  <testcase name="createNewLead2" time="44.752" classname="qa.impListeners.testcases.TC002_CreateLead_Incorrectusername">
    <failure type="java.lang.RuntimeException">
      <![CDATA[java.lang.RuntimeException
at qa.impListeners.utils.Reporter.reportStep(Reporter.java:113)
at qa.impListeners.base.SeleniumBase.locateElement(SeleniumBase.java:98)
at qa.impListeners.pages.HomePage.clickCRMSFA(HomePage.java:24)
at qa.impListeners.testcases.TC002_CreateLead_Incorrectusername.createNewLead2(TC002_CreateLead_Incorrectusername.java:33)
at sun.reflect.NativeMethodAccessorImpl.invoke0(Native Method)
at sun.reflect.NativeMethodAccessorImpl.invoke(NativeMethodAccessorImpl.java:62)
at sun.reflect.DelegatingMethodAccessorImpl.invoke(DelegatingMethodAccessorImpl.java:43)
at java.lang.reflect.Method.invoke(Method.java:483)
at org.testng.internal.MethodInvocationHelper.invokeMethod(MethodInvocationHelper.java:124)
at org.testng.internal.Invoker.invokeMethod(Invoker.java:580)
at org.testng.internal.Invoker.retryFailed(Invoker.java:838)
at org.testng.internal.Invoker.invokeTestMethods(Invoker.java:1009)
at org.testng.internal.TestMethodWorker.invokeTestMethods(TestMethodWorker.java:125)
at org.testng.internal.TestMethodWorker.run(TestMethodWorker.java:109)
at java.util.concurrent.ThreadPoolExecutor.runWorker(ThreadPoolExecutor.java:1142)
at java.util.concurrent.ThreadPoolExecutor$Worker.run(ThreadPoolExecutor.java:617)
at java.lang.Thread.run(Thread.java:744)
]]>
    </failure>
  </testcase> <!-- createNewLead2 -->
  <testcase name="@AfterSuite closeReporter" time="0.0" classname="qa.impListeners.utils.Reporter">
    <ignored/>
  </testcase> <!-- @AfterSuite closeReporter -->
  <testcase name="@AfterSuite closeReporter" time="0.0" classname="qa.impListeners.utils.Reporter">
    <ignored/>
  </testcase> <!-- @AfterSuite closeReporter -->
  <testcase name="@BeforeSuite createReporter" time="0.0" classname="qa.impListeners.utils.Reporter">
    <ignored/>
  </testcase> <!-- @BeforeSuite createReporter -->
  <testcase name="@BeforeSuite createReporter" time="0.0" classname="qa.impListeners.utils.Reporter">
    <ignored/>
  </testcase> <!-- @BeforeSuite createReporter -->
</testsuite> <!-- Test -->
