<?xml version="1.0" encoding="UTF-8"?>
<testng-results skipped="1" failed="1" ignored="4" total="8" passed="2">
  <reporter-output>
  </reporter-output>
  <suite name="Suite" duration-ms="110344" started-at="2020-04-23T07:09:46Z" finished-at="2020-04-23T07:11:36Z">
    <groups>
    </groups>
    <test name="Test" duration-ms="110344" started-at="2020-04-23T07:09:46Z" finished-at="2020-04-23T07:11:36Z">
      <class name="qa.impListeners.testcases.TC001_CreateLead">
        <test-method status="PASS" signature="createReporter()[pri:0, instance:qa.impListeners.testcases.TC001_CreateLead@c03f1f]" name="createReporter" is-config="true" duration-ms="266" started-at="2020-04-23T07:09:45Z" finished-at="2020-04-23T07:09:46Z">
          <reporter-output>
          </reporter-output>
        </test-method> <!-- createReporter -->
        <test-method status="PASS" signature="setTestProperties()[pri:0, instance:qa.impListeners.testcases.TC001_CreateLead@c03f1f]" name="setTestProperties" is-config="true" duration-ms="0" started-at="2020-04-23T07:09:46Z" finished-at="2020-04-23T07:09:46Z">
          <reporter-output>
          </reporter-output>
        </test-method> <!-- setTestProperties -->
        <test-method status="PASS" signature="setTestProperties()[pri:0, instance:qa.impListeners.testcases.TC002_CreateLead_Incorrectusername@c0a365]" name="setTestProperties" is-config="true" duration-ms="1" started-at="2020-04-23T07:09:46Z" finished-at="2020-04-23T07:09:46Z">
          <reporter-output>
          </reporter-output>
        </test-method> <!-- setTestProperties -->
        <test-method status="PASS" signature="setTestProperties()[pri:0, instance:qa.impListeners.testcases.TC003_EditLead@1e3c938]" name="setTestProperties" is-config="true" duration-ms="0" started-at="2020-04-23T07:09:46Z" finished-at="2020-04-23T07:09:46Z">
          <reporter-output>
          </reporter-output>
        </test-method> <!-- setTestProperties -->
        <test-method status="PASS" signature="createTestInReporter()[pri:0, instance:qa.impListeners.testcases.TC001_CreateLead@c03f1f]" name="createTestInReporter" is-config="true" duration-ms="8" started-at="2020-04-23T07:09:46Z" finished-at="2020-04-23T07:09:46Z">
          <reporter-output>
          </reporter-output>
        </test-method> <!-- createTestInReporter -->
        <test-method status="PASS" signature="openBrowser()[pri:0, instance:qa.impListeners.testcases.TC001_CreateLead@c03f1f]" name="openBrowser" is-config="true" duration-ms="8295" started-at="2020-04-23T07:09:46Z" finished-at="2020-04-23T07:09:54Z">
          <reporter-output>
          </reporter-output>
        </test-method> <!-- openBrowser -->
        <test-method status="PASS" signature="createNewLead()[pri:0, instance:qa.impListeners.testcases.TC001_CreateLead@c03f1f]" name="createNewLead" duration-ms="32100" started-at="2020-04-23T07:09:54Z" finished-at="2020-04-23T07:10:26Z">
          <reporter-output>
          </reporter-output>
        </test-method> <!-- createNewLead -->
        <test-method status="PASS" signature="close()[pri:0, instance:qa.impListeners.testcases.TC001_CreateLead@c03f1f]" name="close" is-config="true" duration-ms="2355" started-at="2020-04-23T07:10:26Z" finished-at="2020-04-23T07:10:28Z">
          <reporter-output>
          </reporter-output>
        </test-method> <!-- close -->
        <test-method status="PASS" signature="closeReporter()[pri:0, instance:qa.impListeners.testcases.TC001_CreateLead@c03f1f]" name="closeReporter" is-config="true" duration-ms="571" started-at="2020-04-23T07:11:36Z" finished-at="2020-04-23T07:11:37Z">
          <reporter-output>
          </reporter-output>
        </test-method> <!-- closeReporter -->
      </class> <!-- qa.impListeners.testcases.TC001_CreateLead -->
      <class name="qa.impListeners.testcases.TC003_EditLead">
        <test-method status="PASS" signature="createTestInReporter()[pri:0, instance:qa.impListeners.testcases.TC003_EditLead@1e3c938]" name="createTestInReporter" is-config="true" duration-ms="1" started-at="2020-04-23T07:10:28Z" finished-at="2020-04-23T07:10:28Z">
          <reporter-output>
          </reporter-output>
        </test-method> <!-- createTestInReporter -->
        <test-method status="PASS" signature="openBrowser()[pri:0, instance:qa.impListeners.testcases.TC003_EditLead@1e3c938]" name="openBrowser" is-config="true" duration-ms="5498" started-at="2020-04-23T07:10:28Z" finished-at="2020-04-23T07:10:34Z">
          <reporter-output>
          </reporter-output>
        </test-method> <!-- openBrowser -->
        <test-method status="PASS" signature="editLead()[pri:0, instance:qa.impListeners.testcases.TC003_EditLead@1e3c938]" name="editLead" duration-ms="37223" started-at="2020-04-23T07:10:34Z" depends-on-methods="qa.impListeners.testcases.TC001_CreateLead.createNewLead" finished-at="2020-04-23T07:11:11Z">
          <reporter-output>
          </reporter-output>
        </test-method> <!-- editLead -->
        <test-method status="PASS" signature="close()[pri:0, instance:qa.impListeners.testcases.TC003_EditLead@1e3c938]" name="close" is-config="true" duration-ms="2332" started-at="2020-04-23T07:11:11Z" finished-at="2020-04-23T07:11:13Z">
          <reporter-output>
          </reporter-output>
        </test-method> <!-- close -->
      </class> <!-- qa.impListeners.testcases.TC003_EditLead -->
      <class name="qa.impListeners.testcases.TC002_CreateLead_Incorrectusername">
        <test-method status="PASS" signature="createTestInReporter()[pri:0, instance:qa.impListeners.testcases.TC002_CreateLead_Incorrectusername@c0a365]" name="createTestInReporter" is-config="true" duration-ms="7" started-at="2020-04-23T07:09:46Z" finished-at="2020-04-23T07:09:46Z">
          <reporter-output>
          </reporter-output>
        </test-method> <!-- createTestInReporter -->
        <test-method status="PASS" signature="openBrowser()[pri:0, instance:qa.impListeners.testcases.TC002_CreateLead_Incorrectusername@c0a365]" name="openBrowser" is-config="true" duration-ms="8645" started-at="2020-04-23T07:09:46Z" finished-at="2020-04-23T07:09:54Z">
          <reporter-output>
          </reporter-output>
        </test-method> <!-- openBrowser -->
        <test-method status="SKIP" signature="createNewLead2()[pri:0, instance:qa.impListeners.testcases.TC002_CreateLead_Incorrectusername@c0a365]" name="createNewLead2" duration-ms="44916" started-at="2020-04-23T07:09:54Z" finished-at="2020-04-23T07:10:39Z">
          <exception class="java.lang.RuntimeException">
            <full-stacktrace>
              <![CDATA[java.lang.RuntimeException
at qa.impListeners.utils.Reporter.reportStep(Reporter.java:113)
at qa.impListeners.base.SeleniumBase.locateElement(SeleniumBase.java:98)
at qa.impListeners.pages.HomePage.clickCRMSFA(HomePage.java:24)
at qa.impListeners.testcases.TC002_CreateLead_Incorrectusername.createNewLead2(TC002_CreateLead_Incorrectusername.java:33)
at sun.reflect.NativeMethodAccessorImpl.invoke0(Native Method)
at sun.reflect.NativeMethodAccessorImpl.invoke(NativeMethodAccessorImpl.java:62)
at sun.reflect.DelegatingMethodAccessorImpl.invoke(DelegatingMethodAccessorImpl.java:43)
at java.lang.reflect.Method.invoke(Method.java:483)
at org.testng.internal.MethodInvocationHelper.invokeMethod(MethodInvocationHelper.java:124)
at org.testng.internal.Invoker.invokeMethod(Invoker.java:580)
at org.testng.internal.Invoker.invokeTestMethod(Invoker.java:716)
at org.testng.internal.Invoker.invokeTestMethods(Invoker.java:988)
at org.testng.internal.TestMethodWorker.invokeTestMethods(TestMethodWorker.java:125)
at org.testng.internal.TestMethodWorker.run(TestMethodWorker.java:109)
at java.util.concurrent.ThreadPoolExecutor.runWorker(ThreadPoolExecutor.java:1142)
at java.util.concurrent.ThreadPoolExecutor$Worker.run(ThreadPoolExecutor.java:617)
at java.lang.Thread.run(Thread.java:744)
]]>
            </full-stacktrace>
          </exception> <!-- java.lang.RuntimeException -->
          <reporter-output>
          </reporter-output>
        </test-method> <!-- createNewLead2 -->
        <test-method status="PASS" signature="close()[pri:0, instance:qa.impListeners.testcases.TC002_CreateLead_Incorrectusername@c0a365]" name="close" is-config="true" duration-ms="2596" started-at="2020-04-23T07:10:39Z" finished-at="2020-04-23T07:10:42Z">
          <reporter-output>
          </reporter-output>
        </test-method> <!-- close -->
        <test-method status="PASS" signature="openBrowser()[pri:0, instance:qa.impListeners.testcases.TC002_CreateLead_Incorrectusername@c0a365]" name="openBrowser" is-config="true" duration-ms="7066" started-at="2020-04-23T07:10:42Z" finished-at="2020-04-23T07:10:49Z">
          <reporter-output>
          </reporter-output>
        </test-method> <!-- openBrowser -->
        <test-method status="FAIL" signature="createNewLead2()[pri:0, instance:qa.impListeners.testcases.TC002_CreateLead_Incorrectusername@c0a365]" name="createNewLead2" duration-ms="44752" started-at="2020-04-23T07:10:49Z" finished-at="2020-04-23T07:11:34Z">
          <exception class="java.lang.RuntimeException">
            <full-stacktrace>
              <![CDATA[java.lang.RuntimeException
at qa.impListeners.utils.Reporter.reportStep(Reporter.java:113)
at qa.impListeners.base.SeleniumBase.locateElement(SeleniumBase.java:98)
at qa.impListeners.pages.HomePage.clickCRMSFA(HomePage.java:24)
at qa.impListeners.testcases.TC002_CreateLead_Incorrectusername.createNewLead2(TC002_CreateLead_Incorrectusername.java:33)
at sun.reflect.NativeMethodAccessorImpl.invoke0(Native Method)
at sun.reflect.NativeMethodAccessorImpl.invoke(NativeMethodAccessorImpl.java:62)
at sun.reflect.DelegatingMethodAccessorImpl.invoke(DelegatingMethodAccessorImpl.java:43)
at java.lang.reflect.Method.invoke(Method.java:483)
at org.testng.internal.MethodInvocationHelper.invokeMethod(MethodInvocationHelper.java:124)
at org.testng.internal.Invoker.invokeMethod(Invoker.java:580)
at org.testng.internal.Invoker.retryFailed(Invoker.java:838)
at org.testng.internal.Invoker.invokeTestMethods(Invoker.java:1009)
at org.testng.internal.TestMethodWorker.invokeTestMethods(TestMethodWorker.java:125)
at org.testng.internal.TestMethodWorker.run(TestMethodWorker.java:109)
at java.util.concurrent.ThreadPoolExecutor.runWorker(ThreadPoolExecutor.java:1142)
at java.util.concurrent.ThreadPoolExecutor$Worker.run(ThreadPoolExecutor.java:617)
at java.lang.Thread.run(Thread.java:744)
]]>
            </full-stacktrace>
          </exception> <!-- java.lang.RuntimeException -->
          <reporter-output>
          </reporter-output>
        </test-method> <!-- createNewLead2 -->
        <test-method status="PASS" signature="close()[pri:0, instance:qa.impListeners.testcases.TC002_CreateLead_Incorrectusername@c0a365]" name="close" is-config="true" duration-ms="2307" started-at="2020-04-23T07:11:34Z" finished-at="2020-04-23T07:11:36Z">
          <reporter-output>
          </reporter-output>
        </test-method> <!-- close -->
      </class> <!-- qa.impListeners.testcases.TC002_CreateLead_Incorrectusername -->
    </test> <!-- Test -->
  </suite> <!-- Suite -->
</testng-results>
